[INFO   ] Logger: Record log in /storage/emulated/0/Python/RSAchat/.kivy/logs/kivy_20-08-03_131.txt
[INFO   ] Kivy: v1.11.1
[INFO   ] Kivy: Installed at "/data/user/0/ru.iiec.pydroid3/files/aarch64-linux-android/lib/python3.8/site-packages/kivy/__init__.py"
[INFO   ] Python: v3.8.3 (default, May 27 2020, 02:08:17) 
[GCC 9.3.0]
[INFO   ] Python: Interpreter at "/data/user/0/ru.iiec.pydroid3/files/aarch64-linux-android/bin/python3"
[INFO   ] Factory: 184 symbols loaded
[INFO   ] Image: Providers: img_tex, img_dds, img_sdl2, img_gif (img_pil, img_ffpyplayer ignored)
[INFO   ] Text: Provider: sdl2
[INFO   ] Window: Provider: sdl2
[INFO   ] GL: Using the "OpenGL ES 2" graphics system
[INFO   ] GL: Backend used <sdl2>
[INFO   ] GL: OpenGL version <b'OpenGL ES 3.2 v1.r12p1-04bet0.76b1d268c59a490265a02c702c8aa55c'>
[INFO   ] GL: OpenGL vendor <b'ARM'>
[INFO   ] GL: OpenGL renderer <b'Mali-T880'>
[INFO   ] GL: OpenGL parsed version: 3, 2
[INFO   ] GL: Texture max size <8192>
[INFO   ] GL: Texture max units <16>
[INFO   ] Window: auto add sdl2 input provider
[INFO   ] Window: virtual keyboard not allowed, single mode, not docked
[WARNING] Factory: Ignored class "BackgroundColor" re-declaration. Current -  module: None, cls: <class '__main__.BackgroundColor'>, baseclass: None, filename: None. Ignored -  module: None, cls: None, baseclass: Widget, filename: /storage/emulated/0/Python/RSAchat/app.kv.
[WARNING] Factory: Ignored class "BackgroundLabel" re-declaration. Current -  module: None, cls: <class '__main__.BackgroundLabel'>, baseclass: None, filename: None. Ignored -  module: None, cls: None, baseclass: Label+BackgroundColor, filename: /storage/emulated/0/Python/RSAchat/app.kv.
[WARNING] Factory: Ignored class "Message" re-declaration. Current -  module: None, cls: <class '__main__.Message'>, baseclass: None, filename: None. Ignored -  module: None, cls: None, baseclass: BackgroundLabel, filename: /storage/emulated/0/Python/RSAchat/app.kv.
[WARNING] Factory: Ignored class "LeftMessage" re-declaration. Current -  module: None, cls: <class '__main__.LeftMessage'>, baseclass: None, filename: None. Ignored -  module: None, cls: None, baseclass: Message, filename: /storage/emulated/0/Python/RSAchat/app.kv.
[WARNING] Factory: Ignored class "RightMessage" re-declaration. Current -  module: None, cls: <class '__main__.RightMessage'>, baseclass: None, filename: None. Ignored -  module: None, cls: None, baseclass: Message, filename: /storage/emulated/0/Python/RSAchat/app.kv.
[WARNING] Deprecated property "<VariableListProperty name=padding_y>" of object "<kivy.uix.textinput.TextInput object at 0x789fd97760>" was accessed, it will be removed in a future version
[INFO   ] GL: NPOT texture support is available
[WARNING] Base: Unknown <android> provider
[INFO   ] Base: Start application main loop
[INFO   ] Base: Leaving application in progress...
[WARNING] stderr: Traceback (most recent call last):
[WARNING] stderr:   File "/data/user/0/ru.iiec.pydroid3/files/aarch64-linux-android/lib/python3.8/site-packages/kivy/lang/builder.py", line 249, in create_handler
[WARNING] stderr:     return eval(value, idmap), bound_list
[WARNING] stderr:   File "/storage/emulated/0/Python/RSAchat/app.kv", line 54, in <module>
[WARNING] stderr:     padding_y: [self.height / 2.0 - (self.line_height / 2.0) * len(self._lines), 0]
[WARNING] stderr:   File "kivy/weakproxy.pyx", line 32, in kivy.weakproxy.WeakProxy.__getattr__
[WARNING] stderr: AttributeError: 'LeftMessage' object has no attribute '_lines'
[WARNING] stderr: 
[WARNING] stderr: During handling of the above exception, another exception occurred:
[WARNING] stderr: 
[WARNING] stderr: Traceback (most recent call last):
[WARNING] stderr:   File "/data/user/0/ru.iiec.pydroid3/files/aarch64-linux-android/lib/python3.8/site-packages/kivy/lang/builder.py", line 690, in _apply_rule
[WARNING] stderr:     value, bound = create_handler(
[WARNING] stderr:   File "/data/user/0/ru.iiec.pydroid3/files/aarch64-linux-android/lib/python3.8/site-packages/kivy/lang/builder.py", line 252, in create_handler
[WARNING] stderr:     raise BuilderException(rule.ctx, rule.line,
[WARNING] stderr: kivy.lang.builder.BuilderException: Parser: File "/storage/emulated/0/Python/RSAchat/app.kv", line 54:
[WARNING] stderr: ...
[WARNING] stderr:      52:	text_size:self.size
[WARNING] stderr:      53:	padding_x:50
[WARNING] stderr: >>   54:	padding_y: [self.height / 2.0 - (self.line_height / 2.0) * len(self._lines), 0]
[WARNING] stderr:      55:	size_hint:(1,None)
[WARNING] stderr:      56:	size:(0,200)
[WARNING] stderr: ...
[WARNING] stderr: AttributeError: 'LeftMessage' object has no attribute '_lines'
[WARNING] stderr:   File "/data/user/0/ru.iiec.pydroid3/files/aarch64-linux-android/lib/python3.8/site-packages/kivy/lang/builder.py", line 249, in create_handler
[WARNING] stderr:     return eval(value, idmap), bound_list
[WARNING] stderr:   File "/storage/emulated/0/Python/RSAchat/app.kv", line 54, in <module>
[WARNING] stderr:     padding_y: [self.height / 2.0 - (self.line_height / 2.0) * len(self._lines), 0]
[WARNING] stderr:   File "kivy/weakproxy.pyx", line 32, in kivy.weakproxy.WeakProxy.__getattr__
[WARNING] stderr: 
[WARNING] stderr: 
[WARNING] stderr: During handling of the above exception, another exception occurred:
[WARNING] stderr: 
[WARNING] stderr: Traceback (most recent call last):
[WARNING] stderr:   File "/storage/emulated/0/Python/RSAchat/GUI.py", line 37, in <module>
[WARNING] stderr:     ChatApp().run()
[WARNING] stderr:   File "/data/user/0/ru.iiec.pydroid3/files/aarch64-linux-android/lib/python3.8/site-packages/kivy/app.py", line 855, in run
[WARNING] stderr:     runTouchApp()
[WARNING] stderr:   File "/data/user/0/ru.iiec.pydroid3/files/aarch64-linux-android/lib/python3.8/site-packages/kivy/base.py", line 504, in runTouchApp
[WARNING] stderr:     EventLoop.window.mainloop()
[WARNING] stderr:   File "/data/user/0/ru.iiec.pydroid3/files/aarch64-linux-android/lib/python3.8/site-packages/kivy/core/window/window_sdl2.py", line 747, in mainloop
[WARNING] stderr:     self._mainloop()
[WARNING] stderr:   File "/data/user/0/ru.iiec.pydroid3/files/aarch64-linux-android/lib/python3.8/site-packages/kivy/core/window/window_sdl2.py", line 479, in _mainloop
[WARNING] stderr:     EventLoop.idle()
[WARNING] stderr:   File "/data/user/0/ru.iiec.pydroid3/files/aarch64-linux-android/lib/python3.8/site-packages/kivy/base.py", line 342, in idle
[WARNING] stderr:     self.dispatch_input()
[WARNING] stderr:   File "/data/user/0/ru.iiec.pydroid3/files/aarch64-linux-android/lib/python3.8/site-packages/kivy/base.py", line 327, in dispatch_input
[WARNING] stderr:     post_dispatch_input(*pop(0))
[WARNING] stderr:   File "/data/user/0/ru.iiec.pydroid3/files/aarch64-linux-android/lib/python3.8/site-packages/kivy/base.py", line 233, in post_dispatch_input
[WARNING] stderr:     listener.dispatch('on_motion', etype, me)
[WARNING] stderr:   File "kivy/_event.pyx", line 707, in kivy._event.EventDispatcher.dispatch
[WARNING] stderr:   File "/data/user/0/ru.iiec.pydroid3/files/aarch64-linux-android/lib/python3.8/site-packages/kivy/core/window/__init__.py", line 1402, in on_motion
[WARNING] stderr:     self.dispatch('on_touch_down', me)
[WARNING] stderr:   File "kivy/_event.pyx", line 707, in kivy._event.EventDispatcher.dispatch
[WARNING] stderr:   File "/data/user/0/ru.iiec.pydroid3/files/aarch64-linux-android/lib/python3.8/site-packages/kivy/core/window/__init__.py", line 1418, in on_touch_down
[WARNING] stderr:     if w.dispatch('on_touch_down', touch):
[WARNING] stderr:   File "kivy/_event.pyx", line 707, in kivy._event.EventDispatcher.dispatch
[WARNING] stderr:   File "/data/user/0/ru.iiec.pydroid3/files/aarch64-linux-android/lib/python3.8/site-packages/kivy/uix/widget.py", line 549, in on_touch_down
[WARNING] stderr:     if child.dispatch('on_touch_down', touch):
[WARNING] stderr:   File "kivy/_event.pyx", line 707, in kivy._event.EventDispatcher.dispatch
[WARNING] stderr:   File "/data/user/0/ru.iiec.pydroid3/files/aarch64-linux-android/lib/python3.8/site-packages/kivy/uix/widget.py", line 549, in on_touch_down
[WARNING] stderr:     if child.dispatch('on_touch_down', touch):
[WARNING] stderr:   File "kivy/_event.pyx", line 707, in kivy._event.EventDispatcher.dispatch
[WARNING] stderr:   File "/data/user/0/ru.iiec.pydroid3/files/aarch64-linux-android/lib/python3.8/site-packages/kivy/uix/behaviors/button.py", line 151, in on_touch_down
[WARNING] stderr:     self.dispatch('on_press')
[WARNING] stderr:   File "kivy/_event.pyx", line 703, in kivy._event.EventDispatcher.dispatch
[WARNING] stderr:   File "kivy/_event.pyx", line 1214, in kivy._event.EventObservers.dispatch
[WARNING] stderr:   File "kivy/_event.pyx", line 1098, in kivy._event.EventObservers._dispatch
[WARNING] stderr:   File "/data/user/0/ru.iiec.pydroid3/files/aarch64-linux-android/lib/python3.8/site-packages/kivy/lang/builder.py", line 64, in custom_callback
[WARNING] stderr:     exec(__kvlang__.co_value, idmap)
[WARNING] stderr:   File "/storage/emulated/0/Python/RSAchat/app.kv", line 36, in <module>
[WARNING] stderr:     on_press: root.sendMessage()
[WARNING] stderr:   File "/storage/emulated/0/Python/RSAchat/GUI.py", line 28, in sendMessage
[WARNING] stderr:     self.ids.messages.add_widget(LeftMessage(text=msg))
[WARNING] stderr:   File "/data/user/0/ru.iiec.pydroid3/files/aarch64-linux-android/lib/python3.8/site-packages/kivy/uix/label.py", line 318, in __init__
[WARNING] stderr:     super(Label, self).__init__(**kwargs)
[WARNING] stderr:   File "/data/user/0/ru.iiec.pydroid3/files/aarch64-linux-android/lib/python3.8/site-packages/kivy/uix/widget.py", line 359, in __init__
[WARNING] stderr:     self.apply_class_lang_rules(
[WARNING] stderr:   File "/data/user/0/ru.iiec.pydroid3/files/aarch64-linux-android/lib/python3.8/site-packages/kivy/uix/widget.py", line 467, in apply_class_lang_rules
[WARNING] stderr:     Builder.apply(
[WARNING] stderr:   File "/data/user/0/ru.iiec.pydroid3/files/aarch64-linux-android/lib/python3.8/site-packages/kivy/lang/builder.py", line 536, in apply
[WARNING] stderr:     self._apply_rule(
[WARNING] stderr:   File "/data/user/0/ru.iiec.pydroid3/files/aarch64-linux-android/lib/python3.8/site-packages/kivy/lang/builder.py", line 705, in _apply_rule
[WARNING] stderr:     raise BuilderException(rule.ctx, rule.line,
[WARNING] stderr: kivy.lang.builder.BuilderException: Parser: File "/storage/emulated/0/Python/RSAchat/app.kv", line 54:
[WARNING] stderr: ...
[WARNING] stderr:      52:	text_size:self.size
[WARNING] stderr:      53:	padding_x:50
[WARNING] stderr: >>   54:	padding_y: [self.height / 2.0 - (self.line_height / 2.0) * len(self._lines), 0]
[WARNING] stderr:      55:	size_hint:(1,None)
[WARNING] stderr:      56:	size:(0,200)
[WARNING] stderr: ...
[WARNING] stderr: BuilderException: Parser: File "/storage/emulated/0/Python/RSAchat/app.kv", line 54:
[WARNING] stderr: ...
[WARNING] stderr:      52:	text_size:self.size
[WARNING] stderr:      53:	padding_x:50
[WARNING] stderr: >>   54:	padding_y: [self.height / 2.0 - (self.line_height / 2.0) * len(self._lines), 0]
[WARNING] stderr:      55:	size_hint:(1,None)
[WARNING] stderr:      56:	size:(0,200)
[WARNING] stderr: ...
[WARNING] stderr: AttributeError: 'LeftMessage' object has no attribute '_lines'
[WARNING] stderr:   File "/data/user/0/ru.iiec.pydroid3/files/aarch64-linux-android/lib/python3.8/site-packages/kivy/lang/builder.py", line 249, in create_handler
[WARNING] stderr:     return eval(value, idmap), bound_list
[WARNING] stderr:   File "/storage/emulated/0/Python/RSAchat/app.kv", line 54, in <module>
[WARNING] stderr:     padding_y: [self.height / 2.0 - (self.line_height / 2.0) * len(self._lines), 0]
[WARNING] stderr:   File "kivy/weakproxy.pyx", line 32, in kivy.weakproxy.WeakProxy.__getattr__
[WARNING] stderr: 
[WARNING] stderr:   File "/data/user/0/ru.iiec.pydroid3/files/aarch64-linux-android/lib/python3.8/site-packages/kivy/lang/builder.py", line 690, in _apply_rule
[WARNING] stderr:     value, bound = create_handler(
[WARNING] stderr:   File "/data/user/0/ru.iiec.pydroid3/files/aarch64-linux-android/lib/python3.8/site-packages/kivy/lang/builder.py", line 252, in create_handler
[WARNING] stderr:     raise BuilderException(rule.ctx, rule.line,
[WARNING] stderr: 
