[INFO   ] Logger: Record log in /storage/emulated/0/Python/RSAchat/.kivy/logs/kivy_20-08-03_28.txt
[INFO   ] Kivy: v1.11.1
[INFO   ] Kivy: Installed at "/data/user/0/ru.iiec.pydroid3/files/aarch64-linux-android/lib/python3.8/site-packages/kivy/__init__.py"
[INFO   ] Python: v3.8.3 (default, May 27 2020, 02:08:17) 
[GCC 9.3.0]
[INFO   ] Python: Interpreter at "/data/user/0/ru.iiec.pydroid3/files/aarch64-linux-android/bin/python3"
[INFO   ] Factory: 184 symbols loaded
[INFO   ] Image: Providers: img_tex, img_dds, img_sdl2, img_gif (img_pil, img_ffpyplayer ignored)
[INFO   ] Text: Provider: sdl2
[INFO   ] Window: Provider: sdl2
[INFO   ] GL: Using the "OpenGL ES 2" graphics system
[INFO   ] GL: Backend used <sdl2>
[INFO   ] GL: OpenGL version <b'OpenGL ES 3.2 v1.r12p1-04bet0.76b1d268c59a490265a02c702c8aa55c'>
[INFO   ] GL: OpenGL vendor <b'ARM'>
[INFO   ] GL: OpenGL renderer <b'Mali-T880'>
[INFO   ] GL: OpenGL parsed version: 3, 2
[INFO   ] GL: Texture max size <8192>
[INFO   ] GL: Texture max units <16>
[INFO   ] Window: auto add sdl2 input provider
[INFO   ] Window: virtual keyboard not allowed, single mode, not docked
[WARNING] stderr: Traceback (most recent call last):
[WARNING] stderr:   File "/data/user/0/ru.iiec.pydroid3/files/aarch64-linux-android/lib/python3.8/site-packages/kivy/lang/builder.py", line 700, in _apply_rule
[WARNING] stderr:     setattr(widget_set, key, value)
[WARNING] stderr:   File "kivy/weakproxy.pyx", line 35, in kivy.weakproxy.WeakProxy.__setattr__
[WARNING] stderr:   File "kivy/properties.pyx", line 497, in kivy.properties.Property.__set__
[WARNING] stderr:   File "kivy/properties.pyx", line 1363, in kivy.properties.ReferenceListProperty.set
[WARNING] stderr:   File "kivy/properties.pyx", line 522, in kivy.properties.Property.set
[WARNING] stderr:   File "kivy/properties.pyx", line 526, in kivy.properties.Property.set
[WARNING] stderr:   File "kivy/properties.pyx", line 655, in kivy.properties.NumericProperty.convert
[WARNING] stderr:   File "kivy/properties.pyx", line 665, in kivy.properties.NumericProperty.parse_str
[WARNING] stderr: ValueError: could not convert string to float: 'None'
[WARNING] stderr: 
[WARNING] stderr: During handling of the above exception, another exception occurred:
[WARNING] stderr: 
[WARNING] stderr: Traceback (most recent call last):
[WARNING] stderr:   File "/storage/emulated/0/Python/RSAchat/GUI.py", line 15, in <module>
[WARNING] stderr:     ChatApp().run()
[WARNING] stderr:   File "/data/user/0/ru.iiec.pydroid3/files/aarch64-linux-android/lib/python3.8/site-packages/kivy/app.py", line 829, in run
[WARNING] stderr:     root = self.build()
[WARNING] stderr:   File "/storage/emulated/0/Python/RSAchat/GUI.py", line 12, in build
[WARNING] stderr:     return AppLayout()
[WARNING] stderr:   File "/data/user/0/ru.iiec.pydroid3/files/aarch64-linux-android/lib/python3.8/site-packages/kivy/uix/boxlayout.py", line 145, in __init__
[WARNING] stderr:     super(BoxLayout, self).__init__(**kwargs)
[WARNING] stderr:   File "/data/user/0/ru.iiec.pydroid3/files/aarch64-linux-android/lib/python3.8/site-packages/kivy/uix/layout.py", line 76, in __init__
[WARNING] stderr:     super(Layout, self).__init__(**kwargs)
[WARNING] stderr:   File "/data/user/0/ru.iiec.pydroid3/files/aarch64-linux-android/lib/python3.8/site-packages/kivy/uix/widget.py", line 359, in __init__
[WARNING] stderr:     self.apply_class_lang_rules(
[WARNING] stderr:   File "/data/user/0/ru.iiec.pydroid3/files/aarch64-linux-android/lib/python3.8/site-packages/kivy/uix/widget.py", line 467, in apply_class_lang_rules
[WARNING] stderr:     Builder.apply(
[WARNING] stderr:   File "/data/user/0/ru.iiec.pydroid3/files/aarch64-linux-android/lib/python3.8/site-packages/kivy/lang/builder.py", line 536, in apply
[WARNING] stderr:     self._apply_rule(
[WARNING] stderr:   File "/data/user/0/ru.iiec.pydroid3/files/aarch64-linux-android/lib/python3.8/site-packages/kivy/lang/builder.py", line 705, in _apply_rule
[WARNING] stderr:     raise BuilderException(rule.ctx, rule.line,
[WARNING] stderr: kivy.lang.builder.BuilderException: Parser: File "/storage/emulated/0/Python/RSAchat/app.kv", line 4:
[WARNING] stderr: ...
[WARNING] stderr:       2:	orientation:"vertical"
[WARNING] stderr:       3:    BoxLayout:
[WARNING] stderr: >>    4:    	size_hint:("None","None")
[WARNING] stderr:       5:    	Button:
[WARNING] stderr:       6:    		text:"A"
[WARNING] stderr: ...
[WARNING] stderr: ValueError: could not convert string to float: 'None'
[WARNING] stderr:   File "/data/user/0/ru.iiec.pydroid3/files/aarch64-linux-android/lib/python3.8/site-packages/kivy/lang/builder.py", line 700, in _apply_rule
[WARNING] stderr:     setattr(widget_set, key, value)
[WARNING] stderr:   File "kivy/weakproxy.pyx", line 35, in kivy.weakproxy.WeakProxy.__setattr__
[WARNING] stderr:   File "kivy/properties.pyx", line 497, in kivy.properties.Property.__set__
[WARNING] stderr:   File "kivy/properties.pyx", line 1363, in kivy.properties.ReferenceListProperty.set
[WARNING] stderr:   File "kivy/properties.pyx", line 522, in kivy.properties.Property.set
[WARNING] stderr:   File "kivy/properties.pyx", line 526, in kivy.properties.Property.set
[WARNING] stderr:   File "kivy/properties.pyx", line 655, in kivy.properties.NumericProperty.convert
[WARNING] stderr:   File "kivy/properties.pyx", line 665, in kivy.properties.NumericProperty.parse_str
[WARNING] stderr: 
